0 info it worked if it ends with ok
1 verbose cli [ 'node', '/usr/local/bin/npm', 'start' ]
2 info using npm@3.3.8
3 info using node@v0.12.0
4 verbose run-script [ 'prestart', 'start', 'poststart' ]
5 info lifecycle app-express5@0.0.0~prestart: app-express5@0.0.0
6 silly lifecycle app-express5@0.0.0~prestart: no script for prestart, continuing
7 info lifecycle app-express5@0.0.0~start: app-express5@0.0.0
8 verbose lifecycle app-express5@0.0.0~start: unsafe-perm in lifecycle true
9 verbose lifecycle app-express5@0.0.0~start: PATH: /usr/local/lib/node_modules/npm/bin/node-gyp-bin:/home/juanan/Pruebas/app-express5/node_modules/.bin:/usr/local/heroku/bin:/usr/local/spring-1.1.8.RELEASE/bin:/usr/local/apache-maven-3.2.3/bin:/usr/lib/jvm/java-8-oracle/bin:/home/juanan/.gvm/vertx/current/bin:/home/juanan/.gvm/springboot/current/bin:/home/juanan/.gvm/lazybones/current/bin:/home/juanan/.gvm/jbake/current/bin:/home/juanan/.gvm/groovyserv/current/bin:/home/juanan/.gvm/groovy/current/bin:/home/juanan/.gvm/griffon/current/bin:/home/juanan/.gvm/grails/current/bin:/home/juanan/.gvm/gradle/current/bin:/home/juanan/.gvm/glide/current/bin:/home/juanan/.gvm/gaiden/current/bin:/home/juanan/.gvm/crash/current/bin:/usr/local/sbin:/usr/local/bin:/usr/sbin:/usr/bin:/sbin:/bin:/usr/games:/usr/local/games:/usr/lib/jvm/java-8-oracle/bin:/usr/lib/jvm/java-8-oracle/db/bin:/usr/lib/jvm/java-8-oracle/jre/bin
10 verbose lifecycle app-express5@0.0.0~start: CWD: /home/juanan/Pruebas/app-express5
11 silly lifecycle app-express5@0.0.0~start: Args: [ '-c', 'node ./bin/www' ]
12 silly lifecycle app-express5@0.0.0~start: Returned: code: 1  signal: null
13 info lifecycle app-express5@0.0.0~start: Failed to exec start script
14 verbose stack Error: app-express5@0.0.0 start: `node ./bin/www`
14 verbose stack Exit status 1
14 verbose stack     at EventEmitter.<anonymous> (/usr/local/lib/node_modules/npm/lib/utils/lifecycle.js:233:16)
14 verbose stack     at EventEmitter.emit (events.js:110:17)
14 verbose stack     at ChildProcess.<anonymous> (/usr/local/lib/node_modules/npm/lib/utils/spawn.js:24:14)
14 verbose stack     at ChildProcess.emit (events.js:110:17)
14 verbose stack     at maybeClose (child_process.js:1008:16)
14 verbose stack     at Process.ChildProcess._handle.onexit (child_process.js:1080:5)
15 verbose pkgid app-express5@0.0.0
16 verbose cwd /home/juanan/Pruebas/app-express5
17 error Linux 3.13.0-68-generic
18 error argv "node" "/usr/local/bin/npm" "start"
19 error node v0.12.0
20 error npm  v3.3.8
21 error code ELIFECYCLE
22 error app-express5@0.0.0 start: `node ./bin/www`
22 error Exit status 1
23 error Failed at the app-express5@0.0.0 start script 'node ./bin/www'.
23 error This is most likely a problem with the app-express5 package,
23 error not with npm itself.
23 error Tell the author that this fails on your system:
23 error     node ./bin/www
23 error You can get their info via:
23 error     npm owner ls app-express5
23 error There is likely additional logging output above.
24 verbose exit [ 1, true ]
